dds/InfoRepo/InfoRepoMulticastResponder.cpp:#ifdef ACE_HAS_MAC_OSX
dds/InfoRepo/DcpsInfo_pch.h:#ifdef USING_PCH
dds/InfoRepo/DCPSInfoRepoServ.cpp:#ifdef ACE_AS_STATIC_LIBS
dds/InfoRepo/DCPSInfoRepoServ.cpp:#ifdef DDS_HAS_MINIMUM_BIT
dds/InfoRepo/DCPSInfoRepo.cpp:#ifdef ACE_AS_STATIC_LIBS
dds/CORBA/tao/Inlines.cpp:#ifdef ACE_NO_INLINE
dds/FACE/StringManager.cpp:#ifdef DDS_HAS_WCHAR
dds/FACE/StringManager.cpp:#ifdef DDS_HAS_WCHAR
dds/FACE/StringManager.cpp:#ifdef DDS_HAS_WCHAR
dds/FACE/FaceTSS.cpp:#ifdef DEBUG_OPENDDS_FACETSS
dds/FACE/FaceTSS.cpp:#ifdef ACE_BIG_ENDIAN
dds/idl/dds_generator.h:#ifdef ACE_HAS_CDR_FIXED
dds/idl/dds_generator.h:#ifdef ACE_HAS_CDR_FIXED
dds/idl/be_global.cpp:#ifdef TAO_IDL_HAS_PARSE_ARGS_EXIT
dds/idl/be_global.cpp:#ifdef TAO_IDL_HAS_PARSE_ARGS_EXIT
dds/idl/be_init.cpp:#ifdef ACE_HAS_CDR_FIXED
dds/idl/langmap_generator.cpp:#ifdef ACE_HAS_CDR_FIXED
dds/idl/langmap_generator.cpp:#ifdef ACE_HAS_CDR_FIXED
dds/idl/langmap_generator.cpp:#ifdef __SUNPRO_CC
dds/idl/langmap_generator.cpp:#ifdef ACE_HAS_CDR_FIXED
dds/idl/be_produce.cpp:#ifdef max
dds/idl/be_produce.cpp:#ifdef ACE_HAS_CDR_FIXED
dds/DCPS/SafetyProfilePool.h:#ifdef OPENDDS_SAFETY_PROFILE
dds/DCPS/security/framework/SecurityConfig.cpp:#ifdef OPENDDS_SECURITY
dds/DCPS/security/framework/SecurityConfig.cpp:#ifdef OPENDDS_SECURITY
dds/DCPS/security/framework/SecurityPluginInst.h:#ifdef OPENDDS_SECURITY
dds/DCPS/security/framework/SecurityPluginInst.h:#ifdef OPENDDS_SECURITY
dds/DCPS/security/framework/SecurityPluginInst.h:#ifdef OPENDDS_SECURITY
dds/DCPS/security/framework/SecurityRegistry.cpp:#ifdef OPENDDS_SECURITY
dds/DCPS/security/framework/SecurityRegistry.cpp:#ifdef OPENDDS_SECURITY
dds/DCPS/security/framework/SecurityConfig.h:#ifdef OPENDDS_SECURITY
dds/DCPS/security/framework/SecurityConfig.h:#ifdef OPENDDS_SECURITY
dds/DCPS/security/framework/SecurityConfig.h:#ifdef OPENDDS_SECURITY
dds/DCPS/security/framework/SecurityConfig.h:#ifdef OPENDDS_SECURITY
dds/DCPS/security/framework/SecurityConfig.h:#ifdef OPENDDS_SECURITY
dds/DCPS/security/BuiltInSecurityPluginInst.cpp:#ifdef OPENDDS_SECURITY
dds/DCPS/security/BuiltInSecurityPluginInst.cpp:#ifdef OPENDDS_SECURITY
dds/DCPS/security/SSL/Certificate.cpp:#ifdef OPENSSL_V_1_0
dds/DCPS/security/SSL/Certificate.cpp:#ifdef OPENSSL_V_1_0
dds/DCPS/security/SSL/DiffieHellman.cpp:#ifdef OPENSSL_V_1_0
dds/DCPS/security/SSL/DiffieHellman.cpp:#ifdef OPENSSL_V_1_0
dds/DCPS/security/SSL/DiffieHellman.cpp:#ifdef OPENSSL_V_1_0
dds/DCPS/security/SSL/DiffieHellman.cpp:#ifdef OPENSSL_V_1_0
dds/DCPS/security/BuiltInSecurityPluginInst.h:#ifdef OPENDDS_SECURITY
dds/DCPS/security/BuiltInSecurityPluginInst.h:#ifdef OPENDDS_SECURITY
dds/DCPS/StaticDiscovery.cpp:#ifdef __SUNPRO_CC
dds/DCPS/StaticDiscovery.cpp:#ifdef __SUNPRO_CC
dds/DCPS/StaticDiscovery.cpp:#ifdef __SUNPRO_CC
dds/DCPS/StaticDiscovery.cpp:#ifdef __SUNPRO_CC
dds/DCPS/StaticDiscovery.cpp:#ifdef __SUNPRO_CC
dds/DCPS/StaticDiscovery.cpp:#ifdef __SUNPRO_CC
dds/DCPS/DataReaderImpl_T.h:#ifdef OPENDDS_NO_QUERY_CONDITION
dds/DCPS/DataReaderImpl_T.h:#ifdef OPENDDS_NO_QUERY_CONDITION
dds/DCPS/DataReaderImpl_T.h:#ifdef OPENDDS_NO_QUERY_CONDITION
dds/DCPS/DataReaderImpl_T.h:#ifdef OPENDDS_NO_QUERY_CONDITION
dds/DCPS/DataReaderImpl_T.h:#ifdef OPENDDS_NO_QUERY_CONDITION
dds/DCPS/DataReaderImpl_T.h:#ifdef OPENDDS_NO_QUERY_CONDITION
dds/DCPS/DataReaderImpl_T.h:#ifdef ACE_HAS_CPP11
dds/DCPS/unique_ptr.h:#ifdef ACE_HAS_CPP11
dds/DCPS/unique_ptr.h:#ifdef HAS_STD_UNIQUE_PTR
dds/DCPS/unique_ptr.h:#ifdef HAS_STD_UNIQUE_PTR
dds/DCPS/ContentFilteredTopicImpl.cpp:#ifdef _MSC_VER
dds/DCPS/ContentFilteredTopicImpl.cpp:#ifdef _MSC_VER
dds/DCPS/GuidConverter.h:#ifdef DDS_HAS_WCHAR
dds/DCPS/GuidConverter.h:#ifdef DDS_HAS_WCHAR
dds/DCPS/MemoryPool.cpp:#ifdef VALIDATE_MEMORY_POOL
dds/DCPS/MemoryPool.cpp:#ifdef VALIDATE_MEMORY_POOL
dds/DCPS/MemoryPool.cpp:#ifdef VALIDATE_MEMORY_POOL
dds/DCPS/MemoryPool.cpp:#ifdef VALIDATE_MEMORY_POOL
dds/DCPS/SafetyProfileStreams.cpp:#ifdef OPENDDS_SECURITY
dds/DCPS/SafetyProfileStreams.cpp:#ifdef OPENDDS_SECURITY
dds/DCPS/Service_Participant.h:#ifdef ACE_USES_WCHAR
dds/DCPS/Service_Participant.h:#ifdef DDS_HAS_WCHAR
dds/DCPS/Service_Participant.h:#ifdef OPENDDS_SAFETY_PROFILE
dds/DCPS/DomainParticipantImpl.cpp:#ifdef OPENDDS_SECURITY
dds/DCPS/DomainParticipantImpl.cpp:#ifdef OPENDDS_SECURITY
dds/DCPS/DomainParticipantImpl.cpp:#ifdef OPENDDS_SECURITY
dds/DCPS/DomainParticipantImpl.cpp:#ifdef OPENDDS_SECURITY
dds/DCPS/DomainParticipantImpl.cpp:#ifdef OPENDDS_SECURITY
dds/DCPS/DomainParticipantImpl.cpp:#ifdef OPENDDS_SECURITY
dds/DCPS/DomainParticipantImpl.cpp:#ifdef OPENDDS_SECURITY
dds/DCPS/DomainParticipantImpl.cpp:#ifdef OPENDDS_SECURITY
dds/DCPS/GuidConverter.cpp:#ifdef DDS_HAS_WCHAR
dds/DCPS/GuidConverter.cpp:#ifdef DDS_HAS_WCHAR
dds/DCPS/DdsDcps_pch.h:#ifdef USING_PCH
dds/DCPS/MemoryPool.h:#ifdef VALIDATE_MEMORY_POOL
dds/DCPS/MemoryPool.h:#ifdef VALIDATE_MEMORY_POOL
dds/DCPS/StaticDiscovery.h:#ifdef DDS_HAS_MINIMUM_BIT
dds/DCPS/ConfigUtils.h:#ifdef OPENDDS_SAFETY_PROFILE
dds/DCPS/Serializer.h:#ifdef ACE_INITIALIZE_MEMORY_BEFORE_USE
dds/DCPS/Serializer.h:#ifdef NONNATIVE_LONGDOUBLE
dds/DCPS/Serializer.h:#ifdef DDS_HAS_WCHAR
dds/DCPS/Serializer.h:#ifdef NONNATIVE_LONGDOUBLE
dds/DCPS/Serializer.h:#ifdef DDS_HAS_WCHAR
dds/DCPS/PoolAllocator.h:#ifdef ACE_HAS_CPP11
dds/DCPS/FileSystemStorage.cpp:#ifdef ACE_WIN32
dds/DCPS/FileSystemStorage.cpp:#ifdef ACE_HAS_WINCE
dds/DCPS/FileSystemStorage.cpp:#ifdef ACE_HAS_TCHAR_DIRENT
dds/DCPS/FileSystemStorage.cpp:#ifdef ACE_HAS_TCHAR_DIRENT
dds/DCPS/FileSystemStorage.cpp:#ifdef ACE_HAS_TCHAR_DIRENT
dds/DCPS/yard/yard_tree.hpp:#ifdef OPENDDS_USE_NESTED_TEMPLATE_FWDECL
dds/DCPS/yard/yard_tree.hpp:#ifdef OPENDDS_USE_NESTED_TEMPLATE_FWDECL
dds/DCPS/yard/yard_tree.hpp:#ifdef OPENDDS_USE_NESTED_TEMPLATE_FWDECL
dds/DCPS/yard/yard_tree.hpp:#ifdef OPENDDS_USE_NESTED_TEMPLATE_FWDECL
dds/DCPS/yard/yard_tree.hpp:#ifdef OPENDDS_USE_NESTED_TEMPLATE_FWDECL
dds/DCPS/RTPS/Spdp.cpp:#ifdef OPENDDS_SECURITY
dds/DCPS/RTPS/Spdp.cpp:#ifdef OPENDDS_SECURITY
dds/DCPS/RTPS/Spdp.cpp:#ifdef OPENDDS_SECURITY
dds/DCPS/RTPS/Spdp.cpp:#ifdef OPENDDS_SECURITY
dds/DCPS/RTPS/Spdp.cpp:#ifdef OPENDDS_SECURITY
dds/DCPS/RTPS/Spdp.cpp:#ifdef OPENDDS_SECURITY
dds/DCPS/RTPS/Spdp.cpp:#ifdef OPENDDS_SECURITY
dds/DCPS/RTPS/Spdp.cpp:#ifdef OPENDDS_SECURITY
dds/DCPS/RTPS/Spdp.cpp:#ifdef OPENDDS_SECURITY
dds/DCPS/RTPS/Spdp.cpp:#ifdef OPENDDS_SECURITY
dds/DCPS/RTPS/Spdp.cpp:#ifdef OPENDDS_SECURITY
dds/DCPS/RTPS/Spdp.cpp:#ifdef OPENDDS_SECURITY
dds/DCPS/RTPS/Spdp.cpp:#ifdef OPENDDS_SECURITY
dds/DCPS/RTPS/Spdp.cpp:#ifdef OPENDDS_SECURITY
dds/DCPS/RTPS/Spdp.cpp:#ifdef OPENDDS_SECURITY
dds/DCPS/RTPS/Spdp.cpp:#ifdef OPENDDS_SECURITY
dds/DCPS/RTPS/Spdp.cpp:#ifdef OPENDDS_SAFETY_PROFILE
dds/DCPS/RTPS/Spdp.cpp:#ifdef OPENDDS_SAFETY_PROFILE
dds/DCPS/RTPS/Spdp.cpp:#ifdef ACE_HAS_MAC_OSX
dds/DCPS/RTPS/Spdp.cpp:#ifdef OPENDDS_SECURITY
dds/DCPS/RTPS/Spdp.cpp:#ifdef OPENDDS_SECURITY
dds/DCPS/RTPS/Spdp.cpp:#ifdef OPENDDS_SECURITY
dds/DCPS/RTPS/Spdp.cpp:#ifdef OPENDDS_SECURITY
dds/DCPS/RTPS/Spdp.cpp:#ifdef OPENDDS_SECURITY
dds/DCPS/RTPS/Spdp.cpp:#ifdef OPENDDS_SECURITY
dds/DCPS/RTPS/BaseMessageUtils.h:#ifdef ACE_HAS_IPV6
dds/DCPS/RTPS/BaseMessageUtils.h:#ifdef ACE_HAS_IPV6
dds/DCPS/RTPS/Spdp.h:#ifdef OPENDDS_SECURITY
dds/DCPS/RTPS/Spdp.h:#ifdef OPENDDS_SECURITY
dds/DCPS/RTPS/Spdp.h:#ifdef OPENDDS_SECURITY
dds/DCPS/RTPS/Spdp.h:#ifdef OPENDDS_SECURITY
dds/DCPS/RTPS/Spdp.h:#ifdef OPENDDS_SECURITY
dds/DCPS/RTPS/Spdp.h:#ifdef OPENDDS_SECURITY
dds/DCPS/RTPS/Spdp.h:#ifdef OPENDDS_SECURITY
dds/DCPS/RTPS/Spdp.h:#ifdef OPENDDS_SECURITY
dds/DCPS/RTPS/ICE/Ice.cpp:#ifdef OPENDDS_SECURITY
dds/DCPS/RTPS/ICE/Task.cpp:#ifdef OPENDDS_SECURITY
dds/DCPS/RTPS/ICE/AgentImpl.cpp:#ifdef OPENDDS_SECURITY
dds/DCPS/RTPS/ICE/Checklist.cpp:#ifdef OPENDDS_SECURITY
dds/DCPS/RTPS/ICE/Stun.cpp:#ifdef OPENDDS_SECURITY
dds/DCPS/RTPS/ICE/EndpointManager.cpp:#ifdef OPENDDS_SECURITY
dds/DCPS/RTPS/md5.h:#ifdef HAVE_OPENSSL
dds/DCPS/RTPS/BaseMessageUtils.cpp:#ifdef ACE_HAS_IPV6
dds/DCPS/RTPS/Sedp.cpp:#ifdef OPENDDS_SECURITY
dds/DCPS/RTPS/Sedp.cpp:#ifdef OPENDDS_SECURITY
dds/DCPS/RTPS/Sedp.cpp:#ifdef OPENDDS_SECURITY
dds/DCPS/RTPS/Sedp.cpp:#ifdef OPENDDS_SECURITY
dds/DCPS/RTPS/Sedp.cpp:#ifdef OPENDDS_SECURITY
dds/DCPS/RTPS/Sedp.cpp:#ifdef OPENDDS_SECURITY
dds/DCPS/RTPS/Sedp.cpp:#ifdef OPENDDS_SECURITY
dds/DCPS/RTPS/Sedp.cpp:#ifdef OPENDDS_SECURITY
dds/DCPS/RTPS/Sedp.cpp:#ifdef OPENDDS_SECURITY
dds/DCPS/RTPS/Sedp.cpp:#ifdef OPENDDS_SECURITY
dds/DCPS/RTPS/Sedp.cpp:#ifdef OPENDDS_SECURITY
dds/DCPS/RTPS/Sedp.cpp:#ifdef OPENDDS_SECURITY
dds/DCPS/RTPS/Sedp.cpp:#ifdef OPENDDS_SECURITY
dds/DCPS/RTPS/Sedp.cpp:#ifdef OPENDDS_SECURITY
dds/DCPS/RTPS/Sedp.cpp:#ifdef OPENDDS_SECURITY
dds/DCPS/RTPS/Sedp.cpp:#ifdef OPENDDS_SECURITY
dds/DCPS/RTPS/Sedp.cpp:#ifdef OPENDDS_SECURITY
dds/DCPS/RTPS/Sedp.cpp:#ifdef OPENDDS_SECURITY
dds/DCPS/RTPS/Sedp.cpp:#ifdef OPENDDS_SECURITY
dds/DCPS/RTPS/Sedp.cpp:#ifdef OPENDDS_SECURITY
dds/DCPS/RTPS/Sedp.cpp:#ifdef OPENDDS_SECURITY
dds/DCPS/RTPS/Sedp.cpp:#ifdef OPENDDS_SECURITY
dds/DCPS/RTPS/Sedp.cpp:#ifdef OPENDDS_SECURITY
dds/DCPS/RTPS/Sedp.cpp:#ifdef OPENDDS_SECURITY
dds/DCPS/RTPS/Sedp.cpp:#ifdef OPENDDS_SECURITY
dds/DCPS/RTPS/Sedp.cpp:#ifdef OPENDDS_SECURITY
dds/DCPS/RTPS/Sedp.cpp:#ifdef OPENDDS_SECURITY
dds/DCPS/RTPS/Sedp.cpp:#ifdef OPENDDS_SECURITY
dds/DCPS/RTPS/Sedp.cpp:#ifdef OPENDDS_SECURITY
dds/DCPS/RTPS/Sedp.cpp:#ifdef OPENDDS_SECURITY
dds/DCPS/RTPS/Sedp.cpp:#ifdef OPENDDS_SECURITY
dds/DCPS/RTPS/Sedp.cpp:#ifdef OPENDDS_SECURITY
dds/DCPS/RTPS/Sedp.cpp:#ifdef OPENDDS_SECURITY
dds/DCPS/RTPS/Sedp.cpp:#ifdef OPENDDS_SECURITY
dds/DCPS/RTPS/Sedp.cpp:#ifdef OPENDDS_SECURITY
dds/DCPS/RTPS/Sedp.cpp:#ifdef OPENDDS_SECURITY
dds/DCPS/RTPS/Sedp.cpp:#ifdef OPENDDS_SECURITY
dds/DCPS/RTPS/Sedp.cpp:#ifdef OPENDDS_SECURITY
dds/DCPS/RTPS/Sedp.cpp:#ifdef OPENDDS_SECURITY
dds/DCPS/RTPS/Sedp.cpp:#ifdef OPENDDS_SECURITY
dds/DCPS/RTPS/Sedp.cpp:#ifdef OPENDDS_SECURITY
dds/DCPS/RTPS/Sedp.cpp:#ifdef OPENDDS_SECURITY
dds/DCPS/RTPS/Sedp.cpp:#ifdef OPENDDS_SECURITY
dds/DCPS/RTPS/Sedp.cpp:#ifdef OPENDDS_SECURITY
dds/DCPS/RTPS/Sedp.cpp:#ifdef OPENDDS_SECURITY
dds/DCPS/RTPS/Sedp.cpp:#ifdef OPENDDS_SECURITY
dds/DCPS/RTPS/Sedp.cpp:#ifdef OPENDDS_SECURITY
dds/DCPS/RTPS/Sedp.cpp:#ifdef OPENDDS_SECURITY
dds/DCPS/RTPS/Sedp.cpp:#ifdef OPENDDS_SECURITY
dds/DCPS/RTPS/Sedp.cpp:#ifdef OPENDDS_SECURITY
dds/DCPS/RTPS/Sedp.cpp:#ifdef OPENDDS_SECURITY
dds/DCPS/RTPS/Sedp.cpp:#ifdef OPENDDS_SECURITY
dds/DCPS/RTPS/Sedp.cpp:#ifdef OPENDDS_SECURITY
dds/DCPS/RTPS/Sedp.cpp:#ifdef OPENDDS_SECURITY
dds/DCPS/RTPS/Sedp.cpp:#ifdef OPENDDS_SECURITY
dds/DCPS/RTPS/Sedp.cpp:#ifdef OPENDDS_SECURITY
dds/DCPS/RTPS/Sedp.cpp:#ifdef OPENDDS_SECURITY
dds/DCPS/RTPS/Sedp.cpp:#ifdef OPENDDS_SECURITY
dds/DCPS/RTPS/Sedp.cpp:#ifdef OPENDDS_SECURITY
dds/DCPS/RTPS/Sedp.cpp:#ifdef OPENDDS_SECURITY
dds/DCPS/RTPS/Sedp.cpp:#ifdef OPENDDS_SECURITY
dds/DCPS/RTPS/Sedp.cpp:#ifdef OPENDDS_SECURITY
dds/DCPS/RTPS/Sedp.cpp:#ifdef OPENDDS_SECURITY
dds/DCPS/RTPS/Sedp.cpp:#ifdef OPENDDS_SECURITY
dds/DCPS/RTPS/Sedp.cpp:#ifdef OPENDDS_SECURITY
dds/DCPS/RTPS/Sedp.cpp:#ifdef OPENDDS_SECURITY
dds/DCPS/RTPS/Sedp.cpp:#ifdef OPENDDS_SECURITY
dds/DCPS/RTPS/Sedp.cpp:#ifdef OPENDDS_SECURITY
dds/DCPS/RTPS/Sedp.cpp:#ifdef OPENDDS_SECURITY
dds/DCPS/RTPS/Sedp.cpp:#ifdef OPENDDS_SECURITY
dds/DCPS/RTPS/Sedp.cpp:#ifdef OPENDDS_SECURITY
dds/DCPS/RTPS/Sedp.cpp:#ifdef OPENDDS_SECURITY
dds/DCPS/RTPS/Sedp.cpp:#ifdef OPENDDS_SECURITY
dds/DCPS/RTPS/Sedp.cpp:#ifdef OPENDDS_SECURITY
dds/DCPS/RTPS/Sedp.cpp:#ifdef OPENDDS_SECURITY
dds/DCPS/RTPS/Sedp.cpp:#ifdef OPENDDS_SECURITY
dds/DCPS/RTPS/Sedp.cpp:#ifdef OPENDDS_SECURITY
dds/DCPS/RTPS/Sedp.cpp:#ifdef OPENDDS_SECURITY
dds/DCPS/RTPS/Sedp.cpp:#ifdef OPENDDS_SECURITY
dds/DCPS/RTPS/Sedp.cpp:#ifdef OPENDDS_SECURITY
dds/DCPS/RTPS/Sedp.cpp:#ifdef OPENDDS_SECURITY
dds/DCPS/RTPS/Sedp.cpp:#ifdef OPENDDS_SECURITY
dds/DCPS/RTPS/Sedp.cpp:#ifdef OPENDDS_SECURITY
dds/DCPS/RTPS/Sedp.cpp:#ifdef OPENDDS_SECURITY
dds/DCPS/RTPS/Sedp.cpp:#ifdef OPENDDS_SECURITY
dds/DCPS/RTPS/RtpsDiscovery.cpp:#ifdef OPENDDS_SECURITY
dds/DCPS/RTPS/GuidGenerator.cpp:#ifdef ACE_LINUX
dds/DCPS/RTPS/GuidGenerator.cpp:#ifdef ACE_VXWORKS
dds/DCPS/RTPS/ParameterListConverter.h:#ifdef OPENDDS_SECURITY
dds/DCPS/RTPS/ParameterListConverter.h:#ifdef OPENDDS_SECURITY
dds/DCPS/RTPS/ParameterListConverter.h:#ifdef OPENDDS_SECURITY
dds/DCPS/RTPS/ParameterListConverter.h:#ifdef OPENDDS_SECURITY
dds/DCPS/RTPS/ParameterListConverter.h:#ifdef OPENDDS_SECURITY
dds/DCPS/RTPS/Sedp.h:#ifdef OPENDDS_SECURITY
dds/DCPS/RTPS/Sedp.h:#ifdef OPENDDS_SECURITY
dds/DCPS/RTPS/Sedp.h:#ifdef OPENDDS_SECURITY
dds/DCPS/RTPS/Sedp.h:#ifdef OPENDDS_SECURITY
dds/DCPS/RTPS/Sedp.h:#ifdef OPENDDS_SECURITY
dds/DCPS/RTPS/Sedp.h:#ifdef OPENDDS_SECURITY
dds/DCPS/RTPS/Sedp.h:#ifdef OPENDDS_SECURITY
dds/DCPS/RTPS/Sedp.h:#ifdef OPENDDS_SECURITY
dds/DCPS/RTPS/Sedp.h:#ifdef OPENDDS_SECURITY
dds/DCPS/RTPS/Sedp.h:#ifdef OPENDDS_SECURITY
dds/DCPS/RTPS/Sedp.h:#ifdef OPENDDS_SECURITY
dds/DCPS/RTPS/Sedp.h:#ifdef OPENDDS_SECURITY
dds/DCPS/RTPS/Sedp.h:#ifdef OPENDDS_SECURITY
dds/DCPS/RTPS/Sedp.h:#ifdef OPENDDS_SECURITY
dds/DCPS/RTPS/Sedp.h:#ifdef OPENDDS_SECURITY
dds/DCPS/RTPS/Sedp.h:#ifdef OPENDDS_SECURITY
dds/DCPS/RTPS/Sedp.h:#ifdef OPENDDS_SECURITY
dds/DCPS/RTPS/Sedp.h:#ifdef OPENDDS_SECURITY
dds/DCPS/RTPS/Sedp.h:#ifdef OPENDDS_SECURITY
dds/DCPS/RTPS/Sedp.h:#ifdef OPENDDS_SECURITY
dds/DCPS/RTPS/Sedp.h:#ifdef OPENDDS_SECURITY
dds/DCPS/RTPS/Sedp.h:#ifdef OPENDDS_SECURITY
dds/DCPS/RTPS/Sedp.h:#ifdef OPENDDS_SECURITY
dds/DCPS/RTPS/Sedp.h:#ifdef OPENDDS_SECURITY
dds/DCPS/RTPS/Sedp.h:#ifdef OPENDDS_SECURITY
dds/DCPS/RTPS/Sedp.h:#ifdef OPENDDS_SECURITY
dds/DCPS/RTPS/Sedp.h:#ifdef OPENDDS_SECURITY
dds/DCPS/RTPS/Sedp.h:#ifdef OPENDDS_SECURITY
dds/DCPS/RTPS/Sedp.h:#ifdef OPENDDS_SECURITY
dds/DCPS/RTPS/Sedp.h:#ifdef OPENDDS_SECURITY
dds/DCPS/RTPS/Sedp.h:#ifdef OPENDDS_SECURITY
dds/DCPS/RTPS/Sedp.h:#ifdef OPENDDS_SECURITY
dds/DCPS/RTPS/Sedp.h:#ifdef OPENDDS_SECURITY
dds/DCPS/RTPS/Sedp.h:#ifdef OPENDDS_SECURITY
dds/DCPS/RTPS/Sedp.h:#ifdef OPENDDS_SECURITY
dds/DCPS/RTPS/Sedp.h:#ifdef OPENDDS_SECURITY
dds/DCPS/RTPS/Sedp.h:#ifdef OPENDDS_SECURITY
dds/DCPS/RTPS/Sedp.h:#ifdef OPENDDS_SECURITY
dds/DCPS/RTPS/Sedp.h:#ifdef OPENDDS_SECURITY
dds/DCPS/RTPS/Sedp.h:#ifdef OPENDDS_SECURITY
dds/DCPS/RTPS/Sedp.h:#ifdef OPENDDS_SECURITY
dds/DCPS/RTPS/ParameterListConverter.cpp:#ifdef OPENDDS_SECURITY
dds/DCPS/RTPS/ParameterListConverter.cpp:#ifdef OPENDDS_NO_OWNERSHIP_KIND_EXCLUSIVE
dds/DCPS/RTPS/ParameterListConverter.cpp:#ifdef OPENDDS_SECURITY
dds/DCPS/RTPS/ParameterListConverter.cpp:#ifdef OPENDDS_SECURITY
dds/DCPS/RTPS/ParameterListConverter.cpp:#ifdef OPENDDS_SECURITY
dds/DCPS/RTPS/ParameterListConverter.cpp:#ifdef OPENDDS_NO_OWNERSHIP_KIND_EXCLUSIVE
dds/DCPS/RTPS/ParameterListConverter.cpp:#ifdef OPENDDS_SECURITY
dds/DCPS/RTPS/RtpsCore.idl:#ifdef OPENDDS_SECURITY
dds/DCPS/RTPS/RtpsCore.idl:#ifdef OPENDDS_SECURITY
dds/DCPS/Service_Participant.cpp:#ifdef OPENDDS_SAFETY_PROFILE
dds/DCPS/Service_Participant.cpp:#ifdef OPENDDS_SAFETY_PROFILE
dds/DCPS/Service_Participant.cpp:#ifdef DDS_HAS_MINIMUM_BIT
dds/DCPS/Service_Participant.cpp:#ifdef ACE_USES_WCHAR
dds/DCPS/Service_Participant.cpp:#ifdef OPENDDS_NO_OWNERSHIP_KIND_EXCLUSIVE
dds/DCPS/Service_Participant.cpp:#ifdef ACE_WIN32
dds/DCPS/Service_Participant.cpp:#ifdef DDS_HAS_WCHAR
dds/DCPS/FilterEvaluator.h:#ifdef NONNATIVE_LONGDOUBLE
dds/DCPS/FilterEvaluator.h:#ifdef DDS_HAS_WCHAR
dds/DCPS/GuidBuilder.h:#ifdef __ACE_INLINE__
dds/DCPS/transport/rtps_udp/RtpsSampleHeader.h:#ifdef __ACE_INLINE__
dds/DCPS/transport/rtps_udp/RtpsUdpDataLink.cpp:#ifdef OPENDDS_SECURITY
dds/DCPS/transport/rtps_udp/RtpsUdpDataLink.cpp:#ifdef OPENDDS_SECURITY
dds/DCPS/transport/rtps_udp/RtpsUdpDataLink.cpp:#ifdef ACE_HAS_MAC_OSX
dds/DCPS/transport/rtps_udp/RtpsUdpDataLink.cpp:#ifdef OPENDDS_SECURITY
dds/DCPS/transport/rtps_udp/RtpsUdpDataLink.cpp:#ifdef OPENDDS_SECURITY
dds/DCPS/transport/rtps_udp/RtpsUdpDataLink.cpp:#ifdef OPENDDS_SECURITY
dds/DCPS/transport/rtps_udp/RtpsUdpDataLink.cpp:#ifdef OPENDDS_SECURITY
dds/DCPS/transport/rtps_udp/RtpsUdpDataLink.cpp:#ifdef OPENDDS_SECURITY
dds/DCPS/transport/rtps_udp/RtpsUdpDataLink.cpp:#ifdef OPENDDS_SECURITY
dds/DCPS/transport/rtps_udp/RtpsUdpSendStrategy.cpp:#ifdef ACE_LACKS_SENDMSG
dds/DCPS/transport/rtps_udp/RtpsUdpTransport.cpp:#ifdef OPENDDS_SECURITY
dds/DCPS/transport/rtps_udp/RtpsUdpTransport.cpp:#ifdef OPENDDS_SECURITY
dds/DCPS/transport/rtps_udp/RtpsUdpTransport.cpp:#ifdef ACE_RECVPKTINFO
dds/DCPS/transport/rtps_udp/RtpsUdpTransport.cpp:#ifdef OPENDDS_SECURITY
dds/DCPS/transport/rtps_udp/RtpsUdpTransport.cpp:#ifdef OPENDDS_SECURITY
dds/DCPS/transport/rtps_udp/RtpsUdpTransport.cpp:#ifdef OPENDDS_SECURITY
dds/DCPS/transport/rtps_udp/RtpsUdpTransport.cpp:#ifdef ACE_LACKS_SENDMSG
dds/DCPS/transport/rtps_udp/RtpsUdpTransport.h:#ifdef OPENDDS_SECURITY
dds/DCPS/transport/rtps_udp/RtpsUdpLoader.cpp:#ifdef OPENDDS_SAFETY_PROFILE
dds/DCPS/transport/rtps_udp/RtpsUdpReceiveStrategy.cpp:#ifdef ACE_RECVPKTINFO
dds/DCPS/transport/rtps_udp/RtpsUdpReceiveStrategy.cpp:#ifdef OPENDDS_SECURITY
dds/DCPS/transport/rtps_udp/RtpsUdpReceiveStrategy.cpp:#ifdef ACE_LACKS_SENDMSG
dds/DCPS/transport/rtps_udp/RtpsUdpReceiveStrategy.cpp:#ifdef ACE_WIN32
dds/DCPS/transport/rtps_udp/RtpsUdpDataLink.h:#ifdef OPENDDS_SECURITY
dds/DCPS/transport/rtps_udp/RtpsUdpDataLink.h:#ifdef OPENDDS_SECURITY
dds/DCPS/transport/rtps_udp/RtpsUdpDataLink.h:#ifdef OPENDDS_SECURITY
dds/DCPS/transport/rtps_udp/RtpsUdpDataLink.h:#ifdef __ACE_INLINE__
dds/DCPS/transport/rtps_udp/RtpsTransportHeader.h:#ifdef __ACE_INLINE__
dds/DCPS/transport/tcp/TcpConnection.h:#ifdef __BORLANDC__
dds/DCPS/transport/tcp/Tcp_pch.h:#ifdef USING_PCH
dds/DCPS/transport/shmem/ShmemDataLink.cpp:#ifdef OPENDDS_SHMEM_WINDOWS
dds/DCPS/transport/shmem/ShmemTransport.cpp:#ifdef OPENDDS_SHMEM_UNSUPPORTED
dds/DCPS/transport/shmem/ShmemSendStrategy.cpp:#ifdef OPENDDS_SHMEM_UNIX
dds/DCPS/transport/shmem/ShmemSendStrategy.cpp:#ifdef OPENDDS_SHMEM_WINDOWS
dds/DCPS/transport/shmem/ShmemDataLink.h:#ifdef __ACE_INLINE__
dds/DCPS/transport/shmem/ShmemReceiveStrategy.cpp:#ifdef OPENDDS_SHMEM_WINDOWS
dds/DCPS/transport/framework/TransportInst.cpp:#ifdef BUFSIZE
dds/DCPS/transport/framework/TransportInst.cpp:#ifdef __SUNPRO_CC
dds/DCPS/transport/framework/TransportSendBuffer.h:#ifdef __ACE_INLINE__
dds/DCPS/transport/framework/TransportReceiveStrategy_T.cpp:#ifdef _MSC_VER
dds/DCPS/transport/framework/TransportReceiveStrategy_T.cpp:#ifdef _MSC_VER
dds/DCPS/transport/framework/TransportSendStrategy.cpp:#ifdef ACE_WIN32
dds/DCPS/transport/framework/TransportSendStrategy.cpp:#ifdef _MSC_VER
dds/DCPS/transport/framework/TransportSendStrategy.cpp:#ifdef _MSC_VER
dds/DCPS/transport/framework/NetworkAddress.cpp:#ifdef ACE_HAS_IPV6
dds/DCPS/transport/framework/NetworkAddress.cpp:#ifdef OPENDDS_SAFETY_PROFILE
dds/DCPS/transport/framework/NetworkAddress.cpp:#ifdef OPENDDS_SAFETY_PROFILE
dds/DCPS/transport/framework/NetworkAddress.cpp:#ifdef ACE_HAS_IPV6
dds/DCPS/transport/framework/NetworkAddress.cpp:#ifdef OPENDDS_SAFETY_PROFILE
dds/DCPS/transport/framework/TransportRegistry.cpp:#ifdef OPENDDS_SAFETY_PROFILE
dds/DCPS/transport/framework/DataLink.cpp:#ifdef IP_TOS
dds/DCPS/transport/framework/DataLink.cpp:#ifdef WSAEINVAL
dds/DCPS/transport/framework/DataLink.cpp:#ifdef IP_TOS
dds/DCPS/transport/framework/TransportReceiveStrategy_T.h:#ifdef ACE_TEMPLATES_REQUIRE_SOURCE
dds/DCPS/transport/udp/UdpDataLink.cpp:#ifdef ACE_WIN32
dds/DCPS/transport/udp/UdpDataLink.h:#ifdef __ACE_INLINE__
dds/DCPS/transport/multicast/MulticastDataLink.h:#ifdef __ACE_INLINE__
dds/DCPS/transport/multicast/MulticastDataLink.cpp:#ifdef ACE_HAS_MAC_OSX
dds/DCPS/transport/multicast/MulticastSession.h:#ifdef __ACE_INLINE__
dds/DCPS/debug.cpp:#ifdef OPENDDS_SECURITY
dds/DCPS/debug.cpp:#ifdef OPENDDS_SECURITY
dds/DCPS/DisjointSequence.h:#ifdef __ACE_INLINE__
dds/DCPS/SafetyProfilePool.cpp:#ifdef OPENDDS_SAFETY_PROFILE
dds/DCPS/Discovery.h:#ifdef OPENDDS_SECURITY
dds/DCPS/DiscoveryBase.h:#ifdef OPENDDS_SECURITY
dds/DCPS/DiscoveryBase.h:#ifdef OPENDDS_SECURITY
dds/DCPS/DiscoveryBase.h:#ifdef OPENDDS_SECURITY
dds/DCPS/DiscoveryBase.h:#ifdef OPENDDS_SECURITY
dds/DCPS/DiscoveryBase.h:#ifdef OPENDDS_SECURITY
dds/DCPS/DiscoveryBase.h:#ifdef OPENDDS_SECURITY
dds/DCPS/DiscoveryBase.h:#ifdef OPENDDS_SECURITY
dds/DCPS/DiscoveryBase.h:#ifdef OPENDDS_SECURITY
dds/DCPS/DiscoveryBase.h:#ifdef OPENDDS_SECURITY
dds/DCPS/DiscoveryBase.h:#ifdef OPENDDS_SECURITY
dds/DCPS/DiscoveryBase.h:#ifdef OPENDDS_SECURITY
dds/DCPS/DiscoveryBase.h:#ifdef OPENDDS_SECURITY
dds/DCPS/DiscoveryBase.h:#ifdef OPENDDS_SECURITY
dds/DCPS/DiscoveryBase.h:#ifdef OPENDDS_SECURITY
dds/DCPS/DiscoveryBase.h:#ifdef OPENDDS_SECURITY
dds/DCPS/DiscoveryBase.h:#ifdef OPENDDS_SECURITY
dds/DCPS/DiscoveryBase.h:#ifdef OPENDDS_SECURITY
dds/DCPS/DiscoveryBase.h:#ifdef __SUNPRO_CC
dds/DCPS/DiscoveryBase.h:#ifdef OPENDDS_SECURITY
dds/DCPS/DiscoveryBase.h:#ifdef OPENDDS_SECURITY
dds/DCPS/DiscoveryBase.h:#ifdef OPENDDS_SECURITY
dds/DCPS/DiscoveryBase.h:#ifdef OPENDDS_SECURITY
dds/DCPS/DiscoveryBase.h:#ifdef OPENDDS_SECURITY
dds/DCPS/DiscoveryBase.h:#ifdef OPENDDS_SECURITY
dds/DCPS/DiscoveryBase.h:#ifdef OPENDDS_SECURITY
dds/DCPS/DiscoveryBase.h:#ifdef OPENDDS_SECURITY
dds/DCPS/DiscoveryBase.h:#ifdef OPENDDS_SECURITY
dds/DCPS/MultiTopicDataReader_T.h:#ifdef ACE_TEMPLATES_REQUIRE_SOURCE
dds/DCPS/Definitions.h:#ifdef OPENDDS_SAFETY_PROFILE
dds/DCPS/StaticIncludes.h:#ifdef ACE_AS_STATIC_LIBS
dds/DCPS/debug.h:#ifdef OPENDDS_SECURITY
dds/DCPS/FilterEvaluator.cpp:#ifdef NONNATIVE_LONGDOUBLE
dds/DCPS/FilterEvaluator.cpp:#ifdef DDS_HAS_WCHAR
dds/DCPS/FilterEvaluator.cpp:#ifdef DDS_HAS_WCHAR
dds/DCPS/FilterEvaluator.cpp:#ifdef NONNATIVE_LONGDOUBLE
dds/DCPS/Serializer.inl:#ifdef NONNATIVE_LONGDOUBLE
dds/DCPS/Serializer.inl:#ifdef DDS_HAS_WCHAR
dds/DCPS/Serializer.inl:#ifdef NONNATIVE_LONGDOUBLE
dds/DCPS/Serializer.inl:#ifdef DDS_HAS_WCHAR
dds/DCPS/FeatureDisabledQosCheck.h:#ifdef  OPENDDS_NO_OWNERSHIP_PROFILE
dds/DCPS/FeatureDisabledQosCheck.h:#ifdef  OPENDDS_NO_OWNERSHIP_KIND_EXCLUSIVE
dds/DCPS/FeatureDisabledQosCheck.h:#ifdef  OPENDDS_NO_OBJECT_MODEL_PROFILE
dds/DCPS/FeatureDisabledQosCheck.h:#ifdef OPENDDS_NO_PERSISTENCE_PROFILE
dds/DCPS/RepoIdBuilder.h:#ifdef __ACE_INLINE__
dds/DCPS/DataWriterImpl.cpp:#ifdef OPENDDS_NO_CONTENT_FILTERED_TOPIC
